{
  "stats": {
    "suites": 1,
    "tests": 1,
    "passes": 1,
    "pending": 0,
    "failures": 0,
    "start": "2020-02-10T20:16:11.636Z",
    "end": "2020-02-10T20:16:16.524Z",
    "duration": 4888,
    "testsRegistered": 1,
    "passPercent": 100,
    "pendingPercent": 0,
    "other": 0,
    "hasOther": false,
    "skipped": 0,
    "hasSkipped": false
  },
  "results": [
    {
      "uuid": "65892a6a-8f95-49a7-a7d1-6cf134722a84",
      "title": "",
      "fullFile": "cypress/integration/accessibility.feature",
      "file": "cypress/integration/accessibility.feature",
      "beforeHooks": [],
      "afterHooks": [],
      "tests": [],
      "suites": [
        {
          "uuid": "830b53d2-e723-470b-a82a-18ceb8b043de",
          "title": "Navigate to the site",
          "fullFile": "",
          "file": "",
          "beforeHooks": [],
          "afterHooks": [],
          "tests": [
            {
              "title": "to navigate to reqres.in",
              "fullTitle": "Navigate to the site to navigate to reqres.in",
              "timedOut": null,
              "duration": 3636,
              "state": "passed",
              "speed": "slow",
              "pass": true,
              "fail": false,
              "pending": false,
              "context": null,
              "code": "if (backgroundSection) {\n  backgroundSection.steps.forEach(step => stepTest.call(this, step));\n}\nscenario.steps.forEach(step => stepTest.call(this, step));",
              "err": {},
              "uuid": "1df89aa7-5d05-4e55-a79e-b90ad558d360",
              "parentUUID": "830b53d2-e723-470b-a82a-18ceb8b043de",
              "isHook": false,
              "skipped": false
            }
          ],
          "suites": [],
          "passes": [
            "1df89aa7-5d05-4e55-a79e-b90ad558d360"
          ],
          "failures": [],
          "pending": [],
          "skipped": [],
          "duration": 3636,
          "root": false,
          "rootEmpty": false,
          "_timeout": 2000
        }
      ],
      "passes": [],
      "failures": [],
      "pending": [],
      "skipped": [],
      "duration": 0,
      "root": true,
      "rootEmpty": true,
      "_timeout": 2000
    }
  ],
  "meta": {
    "mocha": {
      "version": "5.0.0"
    },
    "mochawesome": {
      "options": {
        "quiet": false,
        "reportFilename": "mochawesome",
        "saveHtml": false,
        "saveJson": true,
        "consoleReporter": "spec",
        "useInlineDiffs": false
      },
      "version": "4.1.0"
    },
    "marge": {
      "options": {
        "overwrite": false,
        "html": false,
        "json": true
      },
      "version": "4.0.1"
    }
  }
}