{
  "stats": {
    "suites": 1,
    "tests": 1,
    "passes": 1,
    "pending": 0,
    "failures": 0,
    "start": "2020-02-10T20:16:27.498Z",
    "end": "2020-02-10T20:16:30.224Z",
    "duration": 2726,
    "testsRegistered": 1,
    "passPercent": 100,
    "pendingPercent": 0,
    "other": 0,
    "hasOther": false,
    "skipped": 0,
    "hasSkipped": false
  },
  "results": [
    {
      "uuid": "2bb83d3d-f2d4-44d1-962d-e5bb537b6deb",
      "title": "",
      "fullFile": "cypress/integration/navigation.feature",
      "file": "cypress/integration/navigation.feature",
      "beforeHooks": [],
      "afterHooks": [],
      "tests": [],
      "suites": [
        {
          "uuid": "ec292a48-f6c4-496e-9ba3-8a40e82f1b0b",
          "title": "Navigate to the site",
          "fullFile": "",
          "file": "",
          "beforeHooks": [],
          "afterHooks": [],
          "tests": [
            {
              "title": "to navigate to reqres.in",
              "fullTitle": "Navigate to the site to navigate to reqres.in",
              "timedOut": null,
              "duration": 1511,
              "state": "passed",
              "speed": "slow",
              "pass": true,
              "fail": false,
              "pending": false,
              "context": null,
              "code": "if (backgroundSection) {\n  backgroundSection.steps.forEach(step => stepTest.call(this, step));\n}\nscenario.steps.forEach(step => stepTest.call(this, step));",
              "err": {},
              "uuid": "2f94513d-c104-4a82-b305-2140c074e127",
              "parentUUID": "ec292a48-f6c4-496e-9ba3-8a40e82f1b0b",
              "isHook": false,
              "skipped": false
            }
          ],
          "suites": [],
          "passes": [
            "2f94513d-c104-4a82-b305-2140c074e127"
          ],
          "failures": [],
          "pending": [],
          "skipped": [],
          "duration": 1511,
          "root": false,
          "rootEmpty": false,
          "_timeout": 2000
        }
      ],
      "passes": [],
      "failures": [],
      "pending": [],
      "skipped": [],
      "duration": 0,
      "root": true,
      "rootEmpty": true,
      "_timeout": 2000
    }
  ],
  "meta": {
    "mocha": {
      "version": "5.0.0"
    },
    "mochawesome": {
      "options": {
        "quiet": false,
        "reportFilename": "mochawesome",
        "saveHtml": false,
        "saveJson": true,
        "consoleReporter": "spec",
        "useInlineDiffs": false
      },
      "version": "4.1.0"
    },
    "marge": {
      "options": {
        "overwrite": false,
        "html": false,
        "json": true
      },
      "version": "4.0.1"
    }
  }
}