{
  "stats": {
    "suites": 5,
    "tests": 7,
    "passes": 7,
    "pending": 0,
    "failures": 0,
    "start": "2020-02-10T20:16:32.401Z",
    "end": "2020-02-10T20:16:32.401Z",
    "duration": 5589,
    "testsRegistered": 7,
    "passPercent": 100,
    "pendingPercent": 0,
    "other": 0,
    "hasOther": false,
    "skipped": 0,
    "hasSkipped": false
  },
  "results": [
    {
      "uuid": "16131eec-3456-4dac-98ac-6e5a7d70709e",
      "title": "",
      "fullFile": "cypress/integration/1getUsers.feature",
      "file": "cypress/integration/1getUsers.feature",
      "beforeHooks": [],
      "afterHooks": [],
      "tests": [],
      "suites": [
        {
          "uuid": "9875968e-329e-498c-8b85-77100f5e528c",
          "title": "validate for all user",
          "fullFile": "",
          "file": "",
          "beforeHooks": [],
          "afterHooks": [],
          "tests": [
            {
              "title": "to access reqres.in and perform basic api test to fetch users",
              "fullTitle": "validate for all user to access reqres.in and perform basic api test to fetch users",
              "timedOut": null,
              "duration": 223,
              "state": "passed",
              "speed": "slow",
              "pass": true,
              "fail": false,
              "pending": false,
              "context": null,
              "code": "if (backgroundSection) {\n  backgroundSection.steps.forEach(step => stepTest.call(this, step));\n}\nscenario.steps.forEach(step => stepTest.call(this, step));",
              "err": {},
              "uuid": "9841693d-f9c4-492c-9417-6f1197d10e98",
              "parentUUID": "9875968e-329e-498c-8b85-77100f5e528c",
              "isHook": false,
              "skipped": false
            }
          ],
          "suites": [],
          "passes": [
            "9841693d-f9c4-492c-9417-6f1197d10e98"
          ],
          "failures": [],
          "pending": [],
          "skipped": [],
          "duration": 223,
          "root": false,
          "rootEmpty": false,
          "_timeout": 2000
        }
      ],
      "passes": [],
      "failures": [],
      "pending": [],
      "skipped": [],
      "duration": 0,
      "root": true,
      "rootEmpty": true,
      "_timeout": 2000
    },
    {
      "uuid": "35eee48d-9625-4946-bd72-a4ee92b8c012",
      "title": "",
      "fullFile": "cypress/integration/2getSingleUser.feature",
      "file": "cypress/integration/2getSingleUser.feature",
      "beforeHooks": [],
      "afterHooks": [],
      "tests": [],
      "suites": [
        {
          "uuid": "43a8290c-2f7f-4407-a716-4c08cbe7c64d",
          "title": "validate api for single user",
          "fullFile": "",
          "file": "",
          "beforeHooks": [],
          "afterHooks": [],
          "tests": [
            {
              "title": "to access reqres.in and perform basic api test to fetch for single user only and then validate the response with json fixture",
              "fullTitle": "validate api for single user to access reqres.in and perform basic api test to fetch for single user only and then validate the response with json fixture",
              "timedOut": null,
              "duration": 158,
              "state": "passed",
              "speed": "slow",
              "pass": true,
              "fail": false,
              "pending": false,
              "context": null,
              "code": "if (backgroundSection) {\n  backgroundSection.steps.forEach(step => stepTest.call(this, step));\n}\nscenario.steps.forEach(step => stepTest.call(this, step));",
              "err": {},
              "uuid": "c43521e9-4e21-4c9e-8c5f-03ce992a578c",
              "parentUUID": "43a8290c-2f7f-4407-a716-4c08cbe7c64d",
              "isHook": false,
              "skipped": false
            }
          ],
          "suites": [],
          "passes": [
            "c43521e9-4e21-4c9e-8c5f-03ce992a578c"
          ],
          "failures": [],
          "pending": [],
          "skipped": [],
          "duration": 158,
          "root": false,
          "rootEmpty": false,
          "_timeout": 2000
        }
      ],
      "passes": [],
      "failures": [],
      "pending": [],
      "skipped": [],
      "duration": 0,
      "root": true,
      "rootEmpty": true,
      "_timeout": 2000
    },
    {
      "uuid": "65892a6a-8f95-49a7-a7d1-6cf134722a84",
      "title": "",
      "fullFile": "cypress/integration/accessibility.feature",
      "file": "cypress/integration/accessibility.feature",
      "beforeHooks": [],
      "afterHooks": [],
      "tests": [],
      "suites": [
        {
          "uuid": "830b53d2-e723-470b-a82a-18ceb8b043de",
          "title": "Navigate to the site",
          "fullFile": "",
          "file": "",
          "beforeHooks": [],
          "afterHooks": [],
          "tests": [
            {
              "title": "to navigate to reqres.in",
              "fullTitle": "Navigate to the site to navigate to reqres.in",
              "timedOut": null,
              "duration": 3636,
              "state": "passed",
              "speed": "slow",
              "pass": true,
              "fail": false,
              "pending": false,
              "context": null,
              "code": "if (backgroundSection) {\n  backgroundSection.steps.forEach(step => stepTest.call(this, step));\n}\nscenario.steps.forEach(step => stepTest.call(this, step));",
              "err": {},
              "uuid": "1df89aa7-5d05-4e55-a79e-b90ad558d360",
              "parentUUID": "830b53d2-e723-470b-a82a-18ceb8b043de",
              "isHook": false,
              "skipped": false
            }
          ],
          "suites": [],
          "passes": [
            "1df89aa7-5d05-4e55-a79e-b90ad558d360"
          ],
          "failures": [],
          "pending": [],
          "skipped": [],
          "duration": 3636,
          "root": false,
          "rootEmpty": false,
          "_timeout": 2000
        }
      ],
      "passes": [],
      "failures": [],
      "pending": [],
      "skipped": [],
      "duration": 0,
      "root": true,
      "rootEmpty": true,
      "_timeout": 2000
    },
    {
      "uuid": "01307db2-f852-4b49-a22e-eaaae21dd771",
      "title": "",
      "fullFile": "cypress/integration/datatest.feature",
      "file": "cypress/integration/datatest.feature",
      "beforeHooks": [],
      "afterHooks": [],
      "tests": [],
      "suites": [
        {
          "uuid": "16bb82b0-a46a-48de-a61e-72e9e6243541",
          "title": "data driven test",
          "fullFile": "",
          "file": "",
          "beforeHooks": [],
          "afterHooks": [],
          "tests": [
            {
              "title": "A calculation (example #1)",
              "fullTitle": "data driven test A calculation (example #1)",
              "timedOut": null,
              "duration": 38,
              "state": "passed",
              "speed": "medium",
              "pass": true,
              "fail": false,
              "pending": false,
              "context": null,
              "code": "if (backgroundSection) {\n  backgroundSection.steps.forEach(step => {\n    stepTest.call(this, step);\n  });\n}\nscenario.steps.forEach(step => {\n  const newStep = Object.assign({}, step);\n  newStep.text = replaceParameterTags(rowData, newStep.text);\n  stepTest.call(this, newStep, rowData);\n});",
              "err": {},
              "uuid": "3539d7a5-2d25-4717-80f1-f0e49aa4da2a",
              "parentUUID": "16bb82b0-a46a-48de-a61e-72e9e6243541",
              "isHook": false,
              "skipped": false
            },
            {
              "title": "A calculation (example #2)",
              "fullTitle": "data driven test A calculation (example #2)",
              "timedOut": null,
              "duration": 12,
              "state": "passed",
              "speed": "fast",
              "pass": true,
              "fail": false,
              "pending": false,
              "context": null,
              "code": "if (backgroundSection) {\n  backgroundSection.steps.forEach(step => {\n    stepTest.call(this, step);\n  });\n}\nscenario.steps.forEach(step => {\n  const newStep = Object.assign({}, step);\n  newStep.text = replaceParameterTags(rowData, newStep.text);\n  stepTest.call(this, newStep, rowData);\n});",
              "err": {},
              "uuid": "2f7dbd39-d504-4e55-a834-db0f0b6375d1",
              "parentUUID": "16bb82b0-a46a-48de-a61e-72e9e6243541",
              "isHook": false,
              "skipped": false
            },
            {
              "title": "A calculation (example #3)",
              "fullTitle": "data driven test A calculation (example #3)",
              "timedOut": null,
              "duration": 11,
              "state": "passed",
              "speed": "fast",
              "pass": true,
              "fail": false,
              "pending": false,
              "context": null,
              "code": "if (backgroundSection) {\n  backgroundSection.steps.forEach(step => {\n    stepTest.call(this, step);\n  });\n}\nscenario.steps.forEach(step => {\n  const newStep = Object.assign({}, step);\n  newStep.text = replaceParameterTags(rowData, newStep.text);\n  stepTest.call(this, newStep, rowData);\n});",
              "err": {},
              "uuid": "f9eb55e4-09af-468c-a473-541ea021d722",
              "parentUUID": "16bb82b0-a46a-48de-a61e-72e9e6243541",
              "isHook": false,
              "skipped": false
            }
          ],
          "suites": [],
          "passes": [
            "3539d7a5-2d25-4717-80f1-f0e49aa4da2a",
            "2f7dbd39-d504-4e55-a834-db0f0b6375d1",
            "f9eb55e4-09af-468c-a473-541ea021d722"
          ],
          "failures": [],
          "pending": [],
          "skipped": [],
          "duration": 61,
          "root": false,
          "rootEmpty": false,
          "_timeout": 2000
        }
      ],
      "passes": [],
      "failures": [],
      "pending": [],
      "skipped": [],
      "duration": 0,
      "root": true,
      "rootEmpty": true,
      "_timeout": 2000
    },
    {
      "uuid": "2bb83d3d-f2d4-44d1-962d-e5bb537b6deb",
      "title": "",
      "fullFile": "cypress/integration/navigation.feature",
      "file": "cypress/integration/navigation.feature",
      "beforeHooks": [],
      "afterHooks": [],
      "tests": [],
      "suites": [
        {
          "uuid": "ec292a48-f6c4-496e-9ba3-8a40e82f1b0b",
          "title": "Navigate to the site",
          "fullFile": "",
          "file": "",
          "beforeHooks": [],
          "afterHooks": [],
          "tests": [
            {
              "title": "to navigate to reqres.in",
              "fullTitle": "Navigate to the site to navigate to reqres.in",
              "timedOut": null,
              "duration": 1511,
              "state": "passed",
              "speed": "slow",
              "pass": true,
              "fail": false,
              "pending": false,
              "context": null,
              "code": "if (backgroundSection) {\n  backgroundSection.steps.forEach(step => stepTest.call(this, step));\n}\nscenario.steps.forEach(step => stepTest.call(this, step));",
              "err": {},
              "uuid": "2f94513d-c104-4a82-b305-2140c074e127",
              "parentUUID": "ec292a48-f6c4-496e-9ba3-8a40e82f1b0b",
              "isHook": false,
              "skipped": false
            }
          ],
          "suites": [],
          "passes": [
            "2f94513d-c104-4a82-b305-2140c074e127"
          ],
          "failures": [],
          "pending": [],
          "skipped": [],
          "duration": 1511,
          "root": false,
          "rootEmpty": false,
          "_timeout": 2000
        }
      ],
      "passes": [],
      "failures": [],
      "pending": [],
      "skipped": [],
      "duration": 0,
      "root": true,
      "rootEmpty": true,
      "_timeout": 2000
    }
  ],
  "meta": {
    "mocha": {
      "version": "5.0.0"
    },
    "mochawesome": {
      "options": {
        "quiet": false,
        "reportFilename": "mochawesome",
        "saveHtml": false,
        "saveJson": true,
        "consoleReporter": "spec",
        "useInlineDiffs": false
      },
      "version": "4.1.0"
    },
    "marge": {
      "options": {
        "overwrite": false,
        "html": false,
        "json": true
      },
      "version": "4.0.1"
    }
  }
}